
── kairos (trader-kairos) ──
  Latest DB timestamp: 2026-07-15T12:00:00
  Journal files: 2

── aldridge (trader-aldridge) ──
  Latest DB timestamp: 2026-07-15T12:00:00
  Journal files: 2

── stonks (trader-stonks) ──
  Latest DB timestamp: 2026-07-15T12:00:00
  Journal files: 2

=== APPLY: 0 entries inserted total ===

── kairos (trader-kairos) ──
  Latest DB timestamp: 2026-07-15T12:00:00
  Journal files: 2

── aldridge (trader-aldridge) ──
  Latest DB timestamp: 2026-07-15T12:00:00
  Journal files: 2

── stonks (trader-stonks) ──
  Latest DB timestamp: 2026-07-15T12:00:00
  Journal files: 2

=== APPLY: 0 entries inserted total ===

── kairos (trader-kairos) ──
  Latest DB timestamp: 2026-07-15T12:00:00
  Journal files: 2

── aldridge (trader-aldridge) ──
  Latest DB timestamp: 2026-07-15T12:00:00
  Journal files: 2

── stonks (trader-stonks) ──
  Latest DB timestamp: 2026-07-15T12:00:00
  Journal files: 2

=== APPLY: 0 entries inserted total ===

── kairos (trader-kairos) ──
  Latest DB timestamp: 2026-07-15T12:00:00
  Journal files: 2

── aldridge (trader-aldridge) ──
  Latest DB timestamp: 2026-07-15T12:00:00
  Journal files: 2

── stonks (trader-stonks) ──
  Latest DB timestamp: 2026-07-15T12:00:00
  Journal files: 2

=== APPLY: 0 entries inserted total ===

── kairos (trader-kairos) ──
  Latest DB timestamp: 2026-07-15T12:00:00
  Journal files: 2

── aldridge (trader-aldridge) ──
  Latest DB timestamp: 2026-07-15T12:00:00
  Journal files: 2

── stonks (trader-stonks) ──
  Latest DB timestamp: 2026-07-15T12:00:00
  Journal files: 2

=== APPLY: 0 entries inserted total ===

── kairos (trader-kairos) ──
  Latest DB timestamp: 2026-07-15T12:00:00
  Journal files: 2

── aldridge (trader-aldridge) ──
  Latest DB timestamp: 2026-07-15T12:00:00
  Journal files: 2

── stonks (trader-stonks) ──
  Latest DB timestamp: 2026-07-15T12:00:00
  Journal files: 2

=== APPLY: 0 entries inserted total ===

── kairos (trader-kairos) ──
  Latest DB timestamp: journalT16:23:00
  Journal files: 2

── aldridge (trader-aldridge) ──
  Latest DB timestamp: 2026-07-15T12:00:00
  Journal files: 2

── stonks (trader-stonks) ──
  Latest DB timestamp: journalT12:29:00
  Journal files: 2

=== APPLY: 0 entries inserted total ===

── kairos (trader-kairos) ──
  Latest DB timestamp: journalT16:23:00
  Journal files: 2

── aldridge (trader-aldridge) ──
  Latest DB timestamp: 2026-07-15T12:00:00
  Journal files: 2

── stonks (trader-stonks) ──
  Latest DB timestamp: journalT12:29:00
  Journal files: 2

=== APPLY: 0 entries inserted total ===
