
── kairos (trader-kairos) ──
  Latest DB decision: 2026-07-15T10:01:00
  Journal files: 2
    Found 5 decisions in 2026-07-14.md
    Found 4 decisions in 2026-07-15.md
  Total unique decisions: 9
  Newest: 2026-07-15T10:01:00
  Synced 9 journal entries

── aldridge (trader-aldridge) ──
  Latest DB decision: 2026-07-15T09:58:00
  Journal files: 2
    Found 8 decisions in 2026-07-14.md
    Found 1 decisions in 2026-07-15.md
  Total unique decisions: 9
  Newest: 2026-07-15T09:58:00
  Synced 18 journal entries

── stonks (trader-stonks) ──
  Latest DB decision: 2026-07-15T10:06:00
  Journal files: 2
    Found 2 decisions in 2026-07-14.md
    Found 3 decisions in 2026-07-15.md
  Total unique decisions: 5
  Newest: 2026-07-15T10:16:00
  Inserted 1 new decisions
  Synced 23 journal entries

=== APPLY: 1 decisions, 23 journal entries ===

── kairos (trader-kairos) ──
  Latest DB decision: 2026-07-15T10:01:00
  Journal files: 2
    Found 5 decisions in 2026-07-14.md
    Found 4 decisions in 2026-07-15.md
  Total unique decisions: 9
  Newest: 2026-07-15T10:01:00
  Synced 9 journal entries

── aldridge (trader-aldridge) ──
  Latest DB decision: 2026-07-15T09:58:00
  Journal files: 2
    Found 8 decisions in 2026-07-14.md
    Found 1 decisions in 2026-07-15.md
  Total unique decisions: 9
  Newest: 2026-07-15T09:58:00
  Synced 18 journal entries

── stonks (trader-stonks) ──
  Latest DB decision: 2026-07-15T10:16:00
  Journal files: 2
    Found 2 decisions in 2026-07-14.md
    Found 4 decisions in 2026-07-15.md
  Total unique decisions: 6
  Newest: 2026-07-15T10:20:00
  Inserted 1 new decisions
  Synced 24 journal entries

=== APPLY: 1 decisions, 24 journal entries ===

── kairos (trader-kairos) ──
  Latest DB decision: 2026-07-15T10:01:00
  Journal files: 2
    Found 5 decisions in 2026-07-14.md
    Found 4 decisions in 2026-07-15.md
  Total unique decisions: 9
  Newest: 2026-07-15T10:01:00
  Synced 9 journal entries

── aldridge (trader-aldridge) ──
  Latest DB decision: 2026-07-15T09:58:00
  Journal files: 2
    Found 8 decisions in 2026-07-14.md
    Found 1 decisions in 2026-07-15.md
  Total unique decisions: 9
  Newest: 2026-07-15T09:58:00
  Synced 18 journal entries

── stonks (trader-stonks) ──
  Latest DB decision: 2026-07-15T10:20:00
  Journal files: 2
    Found 2 decisions in 2026-07-14.md
    Found 5 decisions in 2026-07-15.md
  Total unique decisions: 7
  Newest: 2026-07-15T10:28:00
  Inserted 1 new decisions
  Synced 25 journal entries

=== APPLY: 1 decisions, 25 journal entries ===

── kairos (trader-kairos) ──
  Latest DB decision: 2026-07-15T10:01:00
  Journal files: 2
    Found 5 decisions in 2026-07-14.md
    Found 4 decisions in 2026-07-15.md
  Total unique decisions: 9
  Newest: 2026-07-15T10:01:00
  Synced 9 journal entries

── aldridge (trader-aldridge) ──
  Latest DB decision: 2026-07-15T09:58:00
  Journal files: 2
    Found 8 decisions in 2026-07-14.md
    Found 1 decisions in 2026-07-15.md
  Total unique decisions: 9
  Newest: 2026-07-15T09:58:00
  Synced 18 journal entries

── stonks (trader-stonks) ──
  Latest DB decision: 2026-07-15T10:28:00
  Journal files: 2
    Found 2 decisions in 2026-07-14.md
    Found 5 decisions in 2026-07-15.md
  Total unique decisions: 7
  Newest: 2026-07-15T10:28:00
  Synced 25 journal entries

=== APPLY: 0 decisions, 25 journal entries ===

── kairos (trader-kairos) ──
  Latest DB decision: 2026-07-15T10:01:00
  Journal files: 2
    Found 5 decisions in 2026-07-14.md
    Found 4 decisions in 2026-07-15.md
  Total unique decisions: 9
  Newest: 2026-07-15T10:01:00
  Synced 9 journal entries

── aldridge (trader-aldridge) ──
  Latest DB decision: 2026-07-15T09:58:00
  Journal files: 2
    Found 8 decisions in 2026-07-14.md
    Found 1 decisions in 2026-07-15.md
  Total unique decisions: 9
  Newest: 2026-07-15T09:58:00
  Synced 18 journal entries

── stonks (trader-stonks) ──
  Latest DB decision: 2026-07-15T10:28:00
  Journal files: 2
    Found 2 decisions in 2026-07-14.md
    Found 6 decisions in 2026-07-15.md
  Total unique decisions: 8
  Newest: 2026-07-15T10:35:00
  Inserted 1 new decisions
  Synced 26 journal entries

=== APPLY: 1 decisions, 26 journal entries ===

── kairos (trader-kairos) ──
  Latest DB decision: 2026-07-15T10:01:00
  Journal files: 2
    Found 5 decisions in 2026-07-14.md
    Found 4 decisions in 2026-07-15.md
  Total unique decisions: 9
  Newest: 2026-07-15T10:01:00
  Synced 9 journal entries

── aldridge (trader-aldridge) ──
  Latest DB decision: 2026-07-15T09:58:00
  Journal files: 2
    Found 8 decisions in 2026-07-14.md
    Found 1 decisions in 2026-07-15.md
  Total unique decisions: 9
  Newest: 2026-07-15T09:58:00
  Synced 18 journal entries

── stonks (trader-stonks) ──
  Latest DB decision: 2026-07-15T10:35:00
  Journal files: 2
    Found 2 decisions in 2026-07-14.md
    Found 7 decisions in 2026-07-15.md
  Total unique decisions: 9
  Newest: 2026-07-15T10:40:00
  Inserted 1 new decisions
  Synced 27 journal entries

=== APPLY: 1 decisions, 27 journal entries ===

── kairos (trader-kairos) ──
  Latest DB decision: journalT16:23:00
  Journal files: 2
    Found 5 decisions in 2026-07-14.md
    Found 4 decisions in 2026-07-15.md
  Agent journal: /home/openclaw/.openclaw/agents/trader-kairos/journal.md
    Found 1 decisions in agent journal.md
  Total unique decisions: 10
  Newest: journalT16:23:00
  Synced 10 journal entries

── aldridge (trader-aldridge) ──
  Latest DB decision: 2026-07-15T09:58:00
  Journal files: 2
    Found 8 decisions in 2026-07-14.md
    Found 1 decisions in 2026-07-15.md
  Agent journal: /home/openclaw/.openclaw/agents/trader-aldridge/journal.md
  Total unique decisions: 9
  Newest: 2026-07-15T09:58:00
  Synced 19 journal entries

── stonks (trader-stonks) ──
  Latest DB decision: journalT12:29:00
  Journal files: 2
    Found 2 decisions in 2026-07-14.md
    Found 7 decisions in 2026-07-15.md
  Agent journal: /home/openclaw/.openclaw/agents/trader-stonks/journal.md
    Found 1 decisions in agent journal.md
  Total unique decisions: 10
  Newest: journalT12:29:00
  Synced 29 journal entries

=== APPLY: 0 decisions, 29 journal entries ===

── kairos (trader-kairos) ──
  Latest DB decision: journalT16:23:00
  Journal files: 2
    Found 5 decisions in 2026-07-14.md
    Found 4 decisions in 2026-07-15.md
  Agent journal: /home/openclaw/.openclaw/agents/trader-kairos/journal.md
    Found 1 decisions in agent journal.md
  Total unique decisions: 10
  Newest: journalT16:23:00
  Synced 10 journal entries

── aldridge (trader-aldridge) ──
  Latest DB decision: 2026-07-15T09:58:00
  Journal files: 2
    Found 8 decisions in 2026-07-14.md
    Found 1 decisions in 2026-07-15.md
  Agent journal: /home/openclaw/.openclaw/agents/trader-aldridge/journal.md
  Total unique decisions: 9
  Newest: 2026-07-15T09:58:00
  Synced 19 journal entries

── stonks (trader-stonks) ──
  Latest DB decision: journalT12:29:00
  Journal files: 2
    Found 2 decisions in 2026-07-14.md
    Found 8 decisions in 2026-07-15.md
  Agent journal: /home/openclaw/.openclaw/agents/trader-stonks/journal.md
    Found 1 decisions in agent journal.md
  Total unique decisions: 11
  Newest: journalT12:29:00
  Synced 30 journal entries

=== APPLY: 0 decisions, 30 journal entries ===

── kairos (trader-kairos) ──
  Latest DB decision: 2026-07-15T10:01:00
  Journal files: 2
    Found 5 decisions in 2026-07-14.md
    Found 4 decisions in 2026-07-15.md
  Agent journal: /home/openclaw/.openclaw/agents/trader-kairos/journal.md
    Found 1 decisions in agent journal.md
  Total unique decisions: 10
  Newest: 2026-07-14T16:23:00
  Synced 10 journal entries

── aldridge (trader-aldridge) ──
  Latest DB decision: 2026-07-15T09:58:00
  Journal files: 2
    Found 8 decisions in 2026-07-14.md
    Found 1 decisions in 2026-07-15.md
  Agent journal: /home/openclaw/.openclaw/agents/trader-aldridge/journal.md
  Total unique decisions: 9
  Newest: 2026-07-15T09:58:00
  Synced 19 journal entries

── stonks (trader-stonks) ──
  Latest DB decision: journalT12:29:00
  Journal files: 2
    Found 2 decisions in 2026-07-14.md
    Found 9 decisions in 2026-07-15.md
  Agent journal: /home/openclaw/.openclaw/agents/trader-stonks/journal.md
    Found 1 decisions in agent journal.md
  Total unique decisions: 12
  Newest: 2026-07-10T12:29:00
  Synced 31 journal entries

=== APPLY: 0 decisions, 31 journal entries ===

── kairos (trader-kairos) ──
  Latest DB decision: 2026-07-15T10:01:00
  Journal files: 2
    Found 5 decisions in 2026-07-14.md
    Found 4 decisions in 2026-07-15.md
  Agent journal: /home/openclaw/.openclaw/agents/trader-kairos/journal.md
    Found 1 decisions in agent journal.md
  Total unique decisions: 10
  Newest: 2026-07-14T16:23:00
  Synced 10 journal entries

── aldridge (trader-aldridge) ──
  Latest DB decision: 2026-07-15T09:58:00
  Journal files: 2
    Found 8 decisions in 2026-07-14.md
    Found 1 decisions in 2026-07-15.md
  Agent journal: /home/openclaw/.openclaw/agents/trader-aldridge/journal.md
  Total unique decisions: 9
  Newest: 2026-07-15T09:58:00
  Synced 19 journal entries

── stonks (trader-stonks) ──
  Latest DB decision: 2026-07-15T10:50:00
  Journal files: 2
    Found 2 decisions in 2026-07-14.md
    Found 9 decisions in 2026-07-15.md
  Agent journal: /home/openclaw/.openclaw/agents/trader-stonks/journal.md
    Found 1 decisions in agent journal.md
  Total unique decisions: 12
  Newest: 2026-07-10T12:29:00
  Inserted 1 new decisions
  Synced 31 journal entries

=== APPLY: 1 decisions, 31 journal entries ===

── kairos (trader-kairos) ──
  Latest DB decision: 2026-07-15T10:01:00
  Journal files: 2
    Found 5 decisions in 2026-07-14.md
    Found 4 decisions in 2026-07-15.md
  Agent journal: /home/openclaw/.openclaw/agents/trader-kairos/journal.md
    Found 1 decisions in agent journal.md
  Total unique decisions: 10
  Newest: 2026-07-14T16:23:00
  Synced 10 journal entries

── aldridge (trader-aldridge) ──
  Latest DB decision: 2026-07-15T09:58:00
  Journal files: 2
    Found 8 decisions in 2026-07-14.md
    Found 1 decisions in 2026-07-15.md
  Agent journal: /home/openclaw/.openclaw/agents/trader-aldridge/journal.md
  Total unique decisions: 9
  Newest: 2026-07-15T09:58:00
  Synced 19 journal entries

── stonks (trader-stonks) ──
  Latest DB decision: 2026-07-15T10:58:00
  Journal files: 2
    Found 2 decisions in 2026-07-14.md
    Found 10 decisions in 2026-07-15.md
  Agent journal: /home/openclaw/.openclaw/agents/trader-stonks/journal.md
    Found 1 decisions in agent journal.md
  Total unique decisions: 13
  Newest: 2026-07-10T12:29:00
  Inserted 1 new decisions
  Synced 32 journal entries

=== APPLY: 1 decisions, 32 journal entries ===
